09:41:47.245458772 [16437] main.cpp:15                  LOG_INFO      match-tty    --- match-tty started ---
09:42:57.217245450 [17634] main.cpp:15                  LOG_INFO      match-tty    --- match-tty started ---
09:43:03.595358429 [17634] GameBoardState.h:83          LOG_INFO      match-tty    Swap (2,7) <-> (1,7)
09:43:03.703785578 [17634] GameBoardState.h:212         LOG_INFO      match-tty    Found 37 matched tiles, refilling...
09:43:43.032627709 [18525] main.cpp:15                  LOG_INFO      match-tty    --- match-tty started ---
09:43:54.549339172 [18525] GameBoardState.h:83          LOG_INFO      match-tty    Swap (2,7) <-> (1,7)
09:43:54.676350140 [18525] GameBoardState.h:212         LOG_INFO      match-tty    Found 37 matched tiles, refilling...
09:44:14.857968465 [18525] GameBoardState.h:83          LOG_INFO      match-tty    Swap (0,11) <-> (1,11)
09:44:14.982634887 [18525] GameBoardState.h:212         LOG_INFO      match-tty    Found 3 matched tiles, refilling...
09:44:35.310018731 [18525] GameBoardState.h:83          LOG_INFO      match-tty    Swap (0,5) <-> (1,5)
09:44:35.442913516 [18525] GameBoardState.h:212         LOG_INFO      match-tty    Found 3 matched tiles, refilling...
09:44:45.256576371 [18525] GameBoardState.h:83          LOG_INFO      match-tty    Swap (0,10) <-> (1,10)
09:44:48.012910948 [18525] GameBoardState.h:83          LOG_INFO      match-tty    Swap (1,10) <-> (1,11)
09:44:51.184631565 [18525] GameBoardState.h:83          LOG_INFO      match-tty    Swap (1,11) <-> (1,10)
09:45:23.663565953 [18525] GameBoardState.h:83          LOG_INFO      match-tty    Swap (5,8) <-> (4,8)
09:45:23.794385884 [18525] GameBoardState.h:212         LOG_INFO      match-tty    Found 3 matched tiles, refilling...
09:45:31.792064584 [18525] GameBoardState.h:83          LOG_INFO      match-tty    Swap (3,11) <-> (3,10)
09:45:32.749653507 [18525] GameBoardState.h:83          LOG_INFO      match-tty    Swap (3,10) <-> (3,9)
09:48:07.430072480 [19313] main.cpp:15                  LOG_INFO      match-tty    --- match-tty started ---
09:48:09.713135682 [19313] GameBoardState.h:83          LOG_INFO      match-tty    Swap (3,2) <-> (2,2)
09:48:09.842070017 [19313] GameBoardState.h:213         LOG_INFO      match-tty    Found 37 matched tiles, refilling...
09:48:20.333447514 [19313] GameBoardState.h:83          LOG_INFO      match-tty    Swap (0,8) <-> (1,8)
09:48:20.477121868 [19313] GameBoardState.h:213         LOG_INFO      match-tty    Found 3 matched tiles, refilling...
09:48:22.947667074 [19313] GameBoardState.h:83          LOG_INFO      match-tty    Swap (1,10) <-> (0,10)
09:48:23.082336447 [19313] GameBoardState.h:213         LOG_INFO      match-tty    Found 3 matched tiles, refilling...
09:48:23.084695172 [19313] GameBoardState.h:213         LOG_INFO      match-tty    Found 3 matched tiles, refilling...
09:48:43.193623182 [19313] GameBoardState.h:83          LOG_INFO      match-tty    Swap (3,16) <-> (3,17)
09:51:32.268500617 [19914] main.cpp:15                  LOG_INFO      match-tty    --- match-tty started ---
09:55:54.124453276 [20476] main.cpp:15                  LOG_INFO      match-tty    --- match-tty started ---
09:56:31.091861184 [20936] main.cpp:15                  LOG_INFO      match-tty    --- match-tty started ---
09:56:40.911623372 [20936] GameBoardState.h:83          LOG_INFO      match-tty    Swap (4,1) <-> (4,2)
09:56:41.037331444 [20936] GameBoardState.h:213         LOG_INFO      match-tty    Found 58 matched tiles, refilling...
09:56:41.037344914 [20936] GameBoardState.h:213         LOG_INFO      match-tty    Found 12 matched tiles, refilling...
09:56:44.088009126 [20936] GameBoardState.h:83          LOG_INFO      match-tty    Swap (6,2) <-> (5,2)
09:56:44.215559002 [20936] GameBoardState.h:213         LOG_INFO      match-tty    Found 3 matched tiles, refilling...
09:56:49.520233681 [20936] GameBoardState.h:83          LOG_INFO      match-tty    Swap (5,8) <-> (5,7)
09:56:49.637938626 [20936] GameBoardState.h:213         LOG_INFO      match-tty    Found 3 matched tiles, refilling...
09:56:59.584420044 [20936] GameBoardState.h:83          LOG_INFO      match-tty    Swap (3,18) <-> (2,18)
09:56:59.707309108 [20936] GameBoardState.h:213         LOG_INFO      match-tty    Found 3 matched tiles, refilling...
09:57:04.295582838 [20936] GameBoardState.h:83          LOG_INFO      match-tty    Swap (2,17) <-> (2,18)
09:57:04.424611470 [20936] GameBoardState.h:213         LOG_INFO      match-tty    Found 3 matched tiles, refilling...
09:57:19.134776986 [20936] GameBoardState.h:83          LOG_INFO      match-tty    Swap (1,10) <-> (1,11)
09:57:19.264206401 [20936] GameBoardState.h:213         LOG_INFO      match-tty    Found 3 matched tiles, refilling...
09:57:26.897343924 [20936] GameBoardState.h:83          LOG_INFO      match-tty    Swap (0,11) <-> (0,10)
09:57:27.046377662 [20936] GameBoardState.h:213         LOG_INFO      match-tty    Found 3 matched tiles, refilling...
09:57:30.539991654 [20936] GameBoardState.h:83          LOG_INFO      match-tty    Swap (0,10) <-> (1,10)
09:57:30.672248754 [20936] GameBoardState.h:213         LOG_INFO      match-tty    Found 3 matched tiles, refilling...
09:57:34.969638887 [20936] GameBoardState.h:83          LOG_INFO      match-tty    Swap (0,10) <-> (0,9)
09:57:35.100684792 [20936] GameBoardState.h:213         LOG_INFO      match-tty    Found 6 matched tiles, refilling...
09:57:35.100686987 [20936] GameBoardState.h:213         LOG_INFO      match-tty    Found 4 matched tiles, refilling...
09:57:35.100688225 [20936] GameBoardState.h:213         LOG_INFO      match-tty    Found 4 matched tiles, refilling...
09:57:35.100689265 [20936] GameBoardState.h:213         LOG_INFO      match-tty    Found 3 matched tiles, refilling...
09:57:40.891979654 [20936] GameBoardState.h:83          LOG_INFO      match-tty    Swap (4,8) <-> (4,7)
09:57:41.021760671 [20936] GameBoardState.h:213         LOG_INFO      match-tty    Found 5 matched tiles, refilling...
09:57:43.402697665 [20936] GameBoardState.h:83          LOG_INFO      match-tty    Swap (2,9) <-> (2,8)
09:57:43.532411782 [20936] GameBoardState.h:213         LOG_INFO      match-tty    Found 3 matched tiles, refilling...
09:57:43.532413730 [20936] GameBoardState.h:213         LOG_INFO      match-tty    Found 3 matched tiles, refilling...
09:58:01.532528461 [20936] GameBoardState.h:83          LOG_INFO      match-tty    Swap (1,18) <-> (2,18)
09:58:01.663368011 [20936] GameBoardState.h:213         LOG_INFO      match-tty    Found 3 matched tiles, refilling...
09:58:07.980166547 [20936] GameBoardState.h:83          LOG_INFO      match-tty    Swap (1,18) <-> (1,17)
09:58:08.122173730 [20936] GameBoardState.h:213         LOG_INFO      match-tty    Found 3 matched tiles, refilling...
09:58:08.122175173 [20936] GameBoardState.h:213         LOG_INFO      match-tty    Found 3 matched tiles, refilling...
09:58:13.001830694 [20936] GameBoardState.h:83          LOG_INFO      match-tty    Swap (5,16) <-> (4,16)
09:58:13.144836532 [20936] GameBoardState.h:213         LOG_INFO      match-tty    Found 3 matched tiles, refilling...
09:58:15.303942334 [20936] GameBoardState.h:83          LOG_INFO      match-tty    Swap (2,15) <-> (3,15)
09:58:15.440967873 [20936] GameBoardState.h:213         LOG_INFO      match-tty    Found 3 matched tiles, refilling...
09:58:18.150994947 [20936] GameBoardState.h:83          LOG_INFO      match-tty    Swap (3,16) <-> (3,15)
09:58:18.280268891 [20936] GameBoardState.h:213         LOG_INFO      match-tty    Found 3 matched tiles, refilling...
09:58:18.280272928 [20936] GameBoardState.h:213         LOG_INFO      match-tty    Found 6 matched tiles, refilling...
09:58:20.335310931 [20936] GameBoardState.h:83          LOG_INFO      match-tty    Swap (3,15) <-> (2,15)
09:58:35.300062057 [20936] GameBoardState.h:83          LOG_INFO      match-tty    Swap (0,14) <-> (0,13)
09:58:35.431609901 [20936] GameBoardState.h:213         LOG_INFO      match-tty    Found 3 matched tiles, refilling...
09:58:35.780218306 [20936] GameBoardState.h:83          LOG_INFO      match-tty    Swap (0,13) <-> (1,13)
09:58:35.908945890 [20936] GameBoardState.h:213         LOG_INFO      match-tty    Found 3 matched tiles, refilling...
09:58:44.583421238 [20936] GameBoardState.h:83          LOG_INFO      match-tty    Swap (3,6) <-> (4,6)
09:58:44.709725298 [20936] GameBoardState.h:213         LOG_INFO      match-tty    Found 4 matched tiles, refilling...
09:59:25.359752971 [20936] GameBoardState.h:83          LOG_INFO      match-tty    Swap (3,6) <-> (2,6)
09:59:25.490360219 [20936] GameBoardState.h:213         LOG_INFO      match-tty    Found 7 matched tiles, refilling...
09:59:38.972477473 [20936] GameBoardState.h:83          LOG_INFO      match-tty    Swap (2,1) <-> (2,2)
09:59:39.103436426 [20936] GameBoardState.h:213         LOG_INFO      match-tty    Found 3 matched tiles, refilling...
09:59:43.634652030 [20936] GameBoardState.h:83          LOG_INFO      match-tty    Swap (0,2) <-> (1,2)
09:59:43.755245119 [20936] GameBoardState.h:213         LOG_INFO      match-tty    Found 3 matched tiles, refilling...
09:59:48.406618676 [20936] GameBoardState.h:83          LOG_INFO      match-tty    Swap (1,9) <-> (2,9)
09:59:48.523520850 [20936] GameBoardState.h:213         LOG_INFO      match-tty    Found 4 matched tiles, refilling...
09:59:50.819371857 [20936] GameBoardState.h:83          LOG_INFO      match-tty    Swap (1,12) <-> (1,11)
09:59:51.331273990 [20936] GameBoardState.h:83          LOG_INFO      match-tty    Swap (1,11) <-> (0,11)
09:59:51.456215314 [20936] GameBoardState.h:213         LOG_INFO      match-tty    Found 3 matched tiles, refilling...
10:00:02.659639624 [20936] GameBoardState.h:83          LOG_INFO      match-tty    Swap (4,11) <-> (4,10)
10:00:02.813639760 [20936] GameBoardState.h:213         LOG_INFO      match-tty    Found 3 matched tiles, refilling...
10:09:33.194724617 [20936] GameBoardState.h:83          LOG_INFO      match-tty    Swap (3,4) <-> (4,4)
10:09:33.323754707 [20936] GameBoardState.h:213         LOG_INFO      match-tty    Found 4 matched tiles, refilling...
10:09:46.901490457 [20936] GameBoardState.h:83          LOG_INFO      match-tty    Swap (0,2) <-> (1,2)
10:09:47.033017348 [20936] GameBoardState.h:213         LOG_INFO      match-tty    Found 3 matched tiles, refilling...
10:18:39.720750007 [22824] main.cpp:15                  LOG_INFO      match-tty    --- match-tty started ---
10:19:28.347940392 [23334] main.cpp:15                  LOG_INFO      match-tty    --- match-tty started ---
10:19:31.118492614 [23334] GameBoardState.h:100         LOG_INFO      match-tty    Swap (1,2) <-> (2,2)
10:19:31.245595443 [23334] GameBoardState.h:246         LOG_INFO      match-tty    Found 58 matched tiles, eliminating...
10:19:36.882480328 [23334] GameBoardState.h:100         LOG_INFO      match-tty    Swap (2,4) <-> (2,3)
10:19:37.705116808 [23334] GameBoardState.h:246         LOG_INFO      match-tty    Found 3 matched tiles, eliminating...
10:19:41.968164662 [23334] GameBoardState.h:100         LOG_INFO      match-tty    Swap (2,3) <-> (2,2)
10:19:42.115559362 [23334] GameBoardState.h:246         LOG_INFO      match-tty    Found 3 matched tiles, eliminating...
10:19:42.153143333 [23334] GameBoardState.h:246         LOG_INFO      match-tty    Found 3 matched tiles, eliminating...
10:19:54.918060400 [23380] main.cpp:15                  LOG_INFO      match-tty    --- match-tty started ---
10:19:57.314236924 [23380] GameBoardState.h:100         LOG_INFO      match-tty    Swap (1,2) <-> (1,3)
10:19:58.334041316 [23380] GameBoardState.h:246         LOG_INFO      match-tty    Found 58 matched tiles, eliminating...
10:19:58.640371682 [23380] GameBoardState.h:246         LOG_INFO      match-tty    Found 9 matched tiles, eliminating...
10:20:04.791070044 [23380] GameBoardState.h:100         LOG_INFO      match-tty    Swap (1,3) <-> (1,2)
10:20:06.907952017 [23380] GameBoardState.h:100         LOG_INFO      match-tty    Swap (1,2) <-> (2,2)
10:20:07.929907335 [23380] GameBoardState.h:246         LOG_INFO      match-tty    Found 3 matched tiles, eliminating...
10:20:20.912502032 [23380] GameBoardState.h:100         LOG_INFO      match-tty    Swap (3,3) <-> (3,2)
10:20:21.935087610 [23380] GameBoardState.h:246         LOG_INFO      match-tty    Found 6 matched tiles, eliminating...
10:22:07.191669559 [23766] main.cpp:15                  LOG_INFO      match-tty    --- match-tty started ---
10:22:34.323896806 [24153] main.cpp:15                  LOG_INFO      match-tty    --- match-tty started ---
10:22:37.214167539 [24153] GameBoardState.h:100         LOG_INFO      match-tty    Swap (1,2) <-> (2,2)
10:22:38.229677302 [24153] GameBoardState.h:249         LOG_INFO      match-tty    Found 58 matched tiles, eliminating...
10:22:40.271540903 [24153] GameBoardState.h:249         LOG_INFO      match-tty    Found 9 matched tiles, eliminating...
10:22:52.794770338 [24153] GameBoardState.h:100         LOG_INFO      match-tty    Swap (0,1) <-> (0,2)
10:22:53.813667406 [24153] GameBoardState.h:249         LOG_INFO      match-tty    Found 3 matched tiles, eliminating...
10:23:05.970594150 [24153] GameBoardState.h:100         LOG_INFO      match-tty    Swap (0,0) <-> (0,1)
10:23:06.995361208 [24153] GameBoardState.h:249         LOG_INFO      match-tty    Found 3 matched tiles, eliminating...
10:25:40.585045102 [24791] main.cpp:15                  LOG_INFO      match-tty    --- match-tty started ---
10:25:44.170094547 [24791] GameBoardState.h:100         LOG_INFO      match-tty    Swap (1,3) <-> (1,2)
10:25:45.188229764 [24791] GameBoardState.h:249         LOG_INFO      match-tty    Found 58 matched tiles, eliminating...
10:25:47.264440654 [24791] GameBoardState.h:249         LOG_INFO      match-tty    Found 9 matched tiles, eliminating...
10:25:59.385248852 [24791] GameBoardState.h:100         LOG_INFO      match-tty    Swap (3,8) <-> (3,9)
10:26:00.409118892 [24791] GameBoardState.h:249         LOG_INFO      match-tty    Found 3 matched tiles, eliminating...
